TN:
SF:src/services/slices/burgerConstructorSlice.tsx
FN:26,addIngredients
FN:29,addBun
FN:32,deleteIngredient
FN:37,addOrderRequest
FN:40,addModalData
FN:43,clearConstructor
FN:49,moveIngredientDown
FN:57,moveIngredientUp
FNF:8
FNH:7
FNDA:1,addIngredients
FNDA:1,addBun
FNDA:1,deleteIngredient
FNDA:2,addOrderRequest
FNDA:1,addModalData
FNDA:1,clearConstructor
FNDA:0,moveIngredientDown
FNDA:1,moveIngredientUp
DA:1,1
DA:2,1
DA:3,1
DA:4,1
DA:5,1
DA:6,1
DA:7,1
DA:8,1
DA:9,1
DA:10,1
DA:11,1
DA:12,1
DA:13,1
DA:14,1
DA:15,1
DA:16,1
DA:17,1
DA:18,1
DA:19,1
DA:20,1
DA:21,1
DA:22,1
DA:23,1
DA:24,1
DA:25,1
DA:26,1
DA:27,1
DA:28,1
DA:29,1
DA:30,1
DA:31,1
DA:32,1
DA:33,1
DA:34,1
DA:35,1
DA:36,1
DA:37,1
DA:38,2
DA:39,1
DA:40,1
DA:41,1
DA:42,1
DA:43,1
DA:44,1
DA:45,1
DA:46,1
DA:47,1
DA:48,1
DA:49,1
DA:50,0
DA:51,0
DA:52,0
DA:53,0
DA:54,0
DA:55,0
DA:56,1
DA:57,1
DA:58,1
DA:59,1
DA:60,1
DA:61,1
DA:62,1
DA:63,1
DA:64,1
DA:65,1
DA:66,1
DA:67,1
DA:68,1
DA:69,1
DA:70,1
DA:71,1
DA:72,1
DA:73,1
DA:74,1
DA:75,1
DA:76,1
DA:77,1
DA:78,1
DA:79,1
LF:79
LH:73
BRDA:26,0,0,1
BRDA:29,1,0,1
BRDA:32,2,0,1
BRDA:34,3,0,1
BRDA:37,4,0,2
BRDA:40,5,0,1
BRDA:43,6,0,1
BRDA:57,7,0,1
BRDA:59,8,0,2
BRF:9
BRH:9
end_of_record
